[debug] [2024-03-25T15:03:01.399Z] ----------------------------------------------------------------------
[debug] [2024-03-25T15:03:01.402Z] Command:       C:\Program Files\nodejs\node.exe C:\Users\user\AppData\Roaming\npm\node_modules\firebase-tools\lib\bin\firebase.js init hosting
[debug] [2024-03-25T15:03:01.403Z] CLI Version:   13.5.2
[debug] [2024-03-25T15:03:01.403Z] Platform:      win32
[debug] [2024-03-25T15:03:01.403Z] Node Version:  v20.9.0
[debug] [2024-03-25T15:03:01.403Z] Time:          Mon Mar 25 2024 15:03:01 GMT+0000 (Greenwich Mean Time)
[debug] [2024-03-25T15:03:01.403Z] ----------------------------------------------------------------------
[debug] 
[debug] [2024-03-25T15:03:01.490Z] > command requires scopes: ["email","openid","https://www.googleapis.com/auth/cloudplatformprojects.readonly","https://www.googleapis.com/auth/firebase","https://www.googleapis.com/auth/cloud-platform"]
[debug] [2024-03-25T15:03:01.490Z] > authorizing via signed-in user (kiksymyguy@gmail.com)
[info] 
     ######## #### ########  ######## ########     ###     ######  ########
     ##        ##  ##     ## ##       ##     ##  ##   ##  ##       ##
     ######    ##  ########  ######   ########  #########  ######  ######
     ##        ##  ##    ##  ##       ##     ## ##     ##       ## ##
     ##       #### ##     ## ######## ########  ##     ##  ######  ########

You're about to initialize a Firebase project in this directory:

  C:\Users\user\Desktop\updated stack\react-firebase-file-management-system

Before we get started, keep in mind:

  * You are initializing within an existing Firebase project directory

[info] 
=== Project Setup
[info] 
[info] First, let's associate this project directory with a Firebase project.
[info] You can create multiple project aliases by running firebase use --add, 
[info] but for now we'll just set up a default project.
[info] 
[debug] [2024-03-25T15:03:04.095Z] Using project from CLI flag: filemanager-e363a
[debug] [2024-03-25T15:03:04.099Z] >>> [apiv2][query] GET https://firebase.googleapis.com/v1beta1/projects/filemanager-e363a [none]
[debug] [2024-03-25T15:03:04.376Z] <<< [apiv2][status] GET https://firebase.googleapis.com/v1beta1/projects/filemanager-e363a 200
[debug] [2024-03-25T15:03:04.377Z] <<< [apiv2][body] GET https://firebase.googleapis.com/v1beta1/projects/filemanager-e363a {"projectId":"filemanager-e363a","projectNumber":"305522873880","displayName":"filemanager","name":"projects/filemanager-e363a","resources":{"hostingSite":"filemanager-e363a","realtimeDatabaseInstance":"filemanager-e363a-default-rtdb","storageBucket":"filemanager-e363a.appspot.com","locationId":"us-central"},"state":"ACTIVE","etag":"1_44d7d11e-9561-4991-a933-b5f81d69094c"}
[info] i  Using project filemanager-e363a (filemanager) 
[info] 
=== Hosting Setup
[debug] [2024-03-25T15:03:04.398Z] >>> [apiv2][query] GET https://firebase.googleapis.com/v1beta1/projects/filemanager-e363a [none]
[debug] [2024-03-25T15:03:04.594Z] <<< [apiv2][status] GET https://firebase.googleapis.com/v1beta1/projects/filemanager-e363a 200
[debug] [2024-03-25T15:03:04.594Z] <<< [apiv2][body] GET https://firebase.googleapis.com/v1beta1/projects/filemanager-e363a {"projectId":"filemanager-e363a","projectNumber":"305522873880","displayName":"filemanager","name":"projects/filemanager-e363a","resources":{"hostingSite":"filemanager-e363a","realtimeDatabaseInstance":"filemanager-e363a-default-rtdb","storageBucket":"filemanager-e363a.appspot.com","locationId":"us-central"},"state":"ACTIVE","etag":"1_44d7d11e-9561-4991-a933-b5f81d69094c"}
[info] 
[info] Your public directory is the folder (relative to your project directory) that
[info] will contain Hosting assets to be uploaded with firebase deploy. If you
[info] have a build process for your assets, use your build's output directory.
[info] 
[debug] [2024-03-25T15:03:14.713Z] >>> [apiv2][query] GET https://www.gstatic.com/firebasejs/releases.json [none]
[debug] [2024-03-25T15:03:14.775Z] <<< [apiv2][status] GET https://www.gstatic.com/firebasejs/releases.json 200
[debug] [2024-03-25T15:03:14.775Z] <<< [apiv2][body] GET https://www.gstatic.com/firebasejs/releases.json {"current":{"version":"10.9.0","browserURL":"https://www.gstatic.com/firebasejs/10.9.0/firebase.js","packageURL":"https://www.gstatic.com/firebasejs/10.9.0/firebase.tgz"},"live":{"version":"10.9","browserURL":"https://www.gstatic.com/firebasejs/live/10.9/firebase.js","packageURL":"https://www.gstatic.com/firebasejs/live/10.9/firebase.tgz"},"components":{"analytics":"https://www.gstatic.com/firebasejs/10.9.0/firebase-analytics.js","app":"https://www.gstatic.com/firebasejs/10.9.0/firebase-app.js","app-check":"https://www.gstatic.com/firebasejs/10.9.0/firebase-app-check.js","auth":"https://www.gstatic.com/firebasejs/10.9.0/firebase-auth.js","auth/cordova":"https://www.gstatic.com/firebasejs/10.9.0/firebase-auth/cordova.js","auth/web-extension":"https://www.gstatic.com/firebasejs/10.9.0/firebase-auth/web-extension.js","functions":"https://www.gstatic.com/firebasejs/10.9.0/firebase-functions.js","firestore":"https://www.gstatic.com/firebasejs/10.9.0/firebase-firestore.js","firestore/lite":"https://www.gstatic.com/firebasejs/10.9.0/firebase-firestore/lite.js","installations":"https://www.gstatic.com/firebasejs/10.9.0/firebase-installations.js","storage":"https://www.gstatic.com/firebasejs/10.9.0/firebase-storage.js","performance":"https://www.gstatic.com/firebasejs/10.9.0/firebase-performance.js","remote-config":"https://www.gstatic.com/firebasejs/10.9.0/firebase-remote-config.js","messaging":"https://www.gstatic.com/firebasejs/10.9.0/firebase-messaging.js","messaging/sw":"https://www.gstatic.com/firebasejs/10.9.0/firebase-messaging/sw.js","database":"https://www.gstatic.com/firebasejs/10.9.0/firebase-database.js","firestore.memory":"https://www.gstatic.com/firebasejs/10.9.0/firebase-firestore.memory.js"}}
[info] +  Wrote public/index.html 
[info] 
[info] i  Detected a .git folder at C:\Users\user\Desktop\updated stack\react-firebase-file-management-system 
[info] i  Authorizing with GitHub to upload your service account to a GitHub repository's secrets store. 
[info] 
[info] Visit this URL on this device to log in:
[info] https://github.com/login/oauth/authorize?client_id=89cf50f02ac6aaed3484&state=791941533&redirect_uri=http%3A%2F%2Flocalhost%3A9005&scope=read%3Auser%20repo%20public_repo
[info] 
[info] Waiting for authentication...
[debug] [2024-03-25T15:03:18.457Z] >>> [apiv2][query] POST https://github.com/login/oauth/access_token [none]
[debug] [2024-03-25T15:03:18.458Z] >>> [apiv2][body] POST https://github.com/login/oauth/access_token [stream]
[debug] [2024-03-25T15:03:18.782Z] <<< [apiv2][status] POST https://github.com/login/oauth/access_token 200
[debug] [2024-03-25T15:03:18.782Z] <<< [apiv2][body] POST https://github.com/login/oauth/access_token {"access_token":"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","token_type":"bearer","scope":"read:user,repo"}
[debug] [2024-03-25T15:03:18.788Z] >>> [apiv2][query] GET https://api.github.com/user [none]
[debug] [2024-03-25T15:03:19.045Z] <<< [apiv2][status] GET https://api.github.com/user 200
[debug] [2024-03-25T15:03:19.046Z] <<< [apiv2][body] GET https://api.github.com/user {"login":"MRKIKSY","id":149276078,"node_id":"U_kgDOCOXFrg","avatar_url":"https://avatars.githubusercontent.com/u/149276078?v=4","gravatar_id":"","url":"https://api.github.com/users/MRKIKSY","html_url":"https://github.com/MRKIKSY","followers_url":"https://api.github.com/users/MRKIKSY/followers","following_url":"https://api.github.com/users/MRKIKSY/following{/other_user}","gists_url":"https://api.github.com/users/MRKIKSY/gists{/gist_id}","starred_url":"https://api.github.com/users/MRKIKSY/starred{/owner}{/repo}","subscriptions_url":"https://api.github.com/users/MRKIKSY/subscriptions","organizations_url":"https://api.github.com/users/MRKIKSY/orgs","repos_url":"https://api.github.com/users/MRKIKSY/repos","events_url":"https://api.github.com/users/MRKIKSY/events{/privacy}","received_events_url":"https://api.github.com/users/MRKIKSY/received_events","type":"User","site_admin":false,"name":"SAMUEL AKINOLA ELUYEFA","company":null,"blog":"","location":null,"email":null,"hireable":null,"bio":"A.K.A MR KIKSY \r\n\r\nPlease find attached my projects and the source codes in my repository ","twitter_username":null,"public_repos":59,"public_gists":0,"followers":0,"following":0,"created_at":"2023-10-28T23:10:25Z","updated_at":"2024-03-21T22:52:45Z","private_gists":0,"total_private_repos":0,"owned_private_repos":0,"disk_usage":190004,"collaborators":0,"two_factor_authentication":false,"plan":{"name":"free","space":976562499,"collaborators":0,"private_repos":10000}}
[info] 
[info] +  Success! Logged into GitHub as MRKIKSY 
[info] 
[debug] [2024-03-25T15:03:55.307Z] >>> [apiv2][query] GET https://api.github.com/repos/ https://github.com/MRKIKSY/fireht/actions/secrets/public-key type=owner
[debug] [2024-03-25T15:03:55.535Z] <<< [apiv2][status] GET https://api.github.com/repos/ https://github.com/MRKIKSY/fireht/actions/secrets/public-key 404
[debug] [2024-03-25T15:03:55.535Z] <<< [apiv2][body] GET https://api.github.com/repos/ https://github.com/MRKIKSY/fireht/actions/secrets/public-key {"message":"Not Found","documentation_url":"https://docs.github.com/rest"}
[info] 
[info] 
[error] !  The provided authorization cannot be used with this repository. If this repository is in an organization, did you remember to grant access? 
[info] 
[info] i  Action required: Visit this URL to ensure access has been granted to the appropriate organization(s) for the Firebase CLI GitHub OAuth App: 
[info] https://github.com/settings/connections/applications/89cf50f02ac6aaed3484
[info] 
[debug] [2024-03-25T15:04:08.371Z] >>> [apiv2][query] GET https://api.github.com/repos/  /actions/secrets/public-key type=owner
[debug] [2024-03-25T15:04:08.565Z] <<< [apiv2][status] GET https://api.github.com/repos/  /actions/secrets/public-key 404
[debug] [2024-03-25T15:04:08.565Z] <<< [apiv2][body] GET https://api.github.com/repos/  /actions/secrets/public-key {"message":"Not Found","documentation_url":"https://docs.github.com/rest"}
[info] 
[info] 
[error] !  The provided authorization cannot be used with this repository. If this repository is in an organization, did you remember to grant access? 
[info] 
[info] i  Action required: Visit this URL to ensure access has been granted to the appropriate organization(s) for the Firebase CLI GitHub OAuth App: 
[info] https://github.com/settings/connections/applications/89cf50f02ac6aaed3484
[info] 
